<?xml version="1.0" encoding="UTF-8"?>
<!-- Generated by org.testng.reporters.JUnitReportReporter -->
<testsuite hostname="DESKTOP-J20IS8F" failures="0" tests="3" name="coverFoxTest.CoverFoxTC2" time="0.125" errors="0" timestamp="2024-08-11T09:27:34 IST" skipped="0">
  <testcase classname="coverFoxTest.CoverFoxTC2" name="validateMobileNoErrorMsgColor" time="0.062">
    <system-out>
      <![CDATA[getting colorOfPinErrorMsg]]>
    </system-out>
  </testcase> <!-- validateMobileNoErrorMsgColor -->
  <testcase classname="coverFoxTest.CoverFoxTC2" name="validateMobileNumberErrorMessage" time="0.033">
    <system-out>
      <![CDATA[getting errorMobNumMsg]]>
    </system-out>
  </testcase> <!-- validateMobileNumberErrorMessage -->
  <testcase classname="coverFoxTest.CoverFoxTC2" name="validatePinCodeErrorMessage" time="0.030">
    <system-out>
      <![CDATA[getting errorPinMsg]]>
    </system-out>
  </testcase> <!-- validatePinCodeErrorMessage -->
  <system-out>
    <![CDATA[Browser is launching..
waiting.......
clicking on female button on homepage
clicking on next button of health page
reading data from excel sheet
Handleing ageDropDown
clicking on next button of MemberDetailsPage
reading data from excel sheet
Entering invalid pinCode
reading data from excel sheet
Entering invalid mobileNumber
clicking on continue button on addressDetails page
getting colorOfPinErrorMsg
getting errorMobNumMsg
getting errorPinMsg
closing browser..]]>
  </system-out>
</testsuite> <!-- coverFoxTest.CoverFoxTC2 -->
