<?xml version="1.0" encoding="UTF-8"?>
<!-- Generated by org.testng.reporters.JUnitReportReporter -->
<testsuite hostname="DESKTOP-J20IS8F" failures="0" tests="2" name="coverFoxTest.CoverFoxTC1" time="8.247" errors="0" timestamp="2024-08-19T13:04:13 IST" skipped="0">
  <testcase classname="coverFoxTest.CoverFoxTC1" name="validatePresenceOfFilterDropdown" time="4.099">
    <system-out>
      <![CDATA[Test Case validatePresenceOfFilterDropdown execution started
verifying FilterDropdown IsDisplayed
Test Case validatePresenceOfFilterDropdown executed successfully]]>
    </system-out>
  </testcase> <!-- validatePresenceOfFilterDropdown -->
  <testcase classname="coverFoxTest.CoverFoxTC1" name="validateBanners" time="4.148">
    <system-out>
      <![CDATA[Test Case validateBanners execution started
getting planNumber from string
getting planNumber From Banners
Test Case validateBanners executed successfully]]>
    </system-out>
  </testcase> <!-- validateBanners -->
  <system-out>
    <![CDATA[Browser is launching..
waiting.......
clicking on female button on homepage
clicking on next button of health page
reading data from excel sheet
Handleing ageDropDown
clicking on next button of MemberDetailsPage
reading data from excel sheet
Entering pinCode
reading data from excel sheet
Entering mobileNumber
clicking on continue button on addressDetails page
Test Case validateBanners execution started
getting planNumber from string
getting planNumber From Banners
Test Case validateBanners executed successfully
Test Case validatePresenceOfFilterDropdown execution started
verifying FilterDropdown IsDisplayed
Test Case validatePresenceOfFilterDropdown executed successfully
closing browser..]]>
  </system-out>
</testsuite> <!-- coverFoxTest.CoverFoxTC1 -->
